
⚡ INDEXATION ULTRA RAPIDE

📍 Récupération communes...
✅ 34969 communes

⏭️  12124 déjà indexées

🎯 22845 à indexer

📊 1,000 / 22,845 (4.4%)
📊 2,000 / 22,845 (8.8%)
📊 3,000 / 22,845 (13.1%)
📊 4,000 / 22,845 (17.5%)
📊 5,000 / 22,845 (21.9%)
📊 6,000 / 22,845 (26.3%)
📊 7,000 / 22,845 (30.6%)
📊 8,000 / 22,845 (35.0%)
📊 9,000 / 22,845 (39.4%)
📊 10,000 / 22,845 (43.8%)
📊 11,000 / 22,845 (48.2%)
📊 12,000 / 22,845 (52.5%)
📊 13,000 / 22,845 (56.9%)
📊 14,000 / 22,845 (61.3%)
📊 15,000 / 22,845 (65.7%)
📊 16,000 / 22,845 (70.0%)
📊 17,000 / 22,845 (74.4%)
📊 18,000 / 22,845 (78.8%)
📊 19,000 / 22,845 (83.2%)
📊 20,000 / 22,845 (87.5%)
📊 21,000 / 22,845 (91.9%)
📊 22,000 / 22,845 (96.3%)
📊 22,845 / 22,845 (100.0%)

✅ TERMINÉ: 22,845 communes indexées

